{"/Users/dre/projects/udemy/react-zero-to-mastery/crwn-clothing/client/src/pages/checkout/checkout.component.jsx": {"path":"/Users/dre/projects/udemy/react-zero-to-mastery/crwn-clothing/client/src/pages/checkout/checkout.component.jsx","statementMap":{"0":{"start":{"line":18,"column":28},"end":{"line":51,"column":1}},"1":{"start":{"line":19,"column":2},"end":{"line":50,"column":26}},"2":{"start":{"line":38,"column":32},"end":{"line":38,"column":85}},"3":{"start":{"line":54,"column":24},"end":{"line":57,"column":2}}},"fnMap":{"0":{"name":"(anonymous_0)","decl":{"start":{"line":18,"column":28},"end":{"line":18,"column":29}},"loc":{"start":{"line":19,"column":2},"end":{"line":50,"column":26}},"line":19},"1":{"name":"(anonymous_1)","decl":{"start":{"line":38,"column":20},"end":{"line":38,"column":21}},"loc":{"start":{"line":38,"column":32},"end":{"line":38,"column":85}},"line":38}},"branchMap":{},"s":{"0":1,"1":3,"2":15,"3":1},"f":{"0":3,"1":15},"b":{},"_coverageSchema":"43e27e138ebf9cfc5966b082cf9a028302ed4184","hash":"41742165df58b7d7659bfad6f907f9d4642f99bf"}
,"/Users/dre/projects/udemy/react-zero-to-mastery/crwn-clothing/client/src/pages/checkout/checkout.styles.jsx": {"path":"/Users/dre/projects/udemy/react-zero-to-mastery/crwn-clothing/client/src/pages/checkout/checkout.styles.jsx","statementMap":{"0":{"start":{"line":3,"column":37},"end":{"line":20,"column":1}},"1":{"start":{"line":21,"column":0},"end":{"line":21,"column":60}},"2":{"start":{"line":23,"column":39},"end":{"line":30,"column":1}},"3":{"start":{"line":31,"column":0},"end":{"line":31,"column":64}},"4":{"start":{"line":33,"column":36},"end":{"line":48,"column":1}},"5":{"start":{"line":49,"column":0},"end":{"line":49,"column":58}},"6":{"start":{"line":51,"column":30},"end":{"line":55,"column":1}},"7":{"start":{"line":56,"column":0},"end":{"line":56,"column":46}},"8":{"start":{"line":58,"column":32},"end":{"line":63,"column":1}},"9":{"start":{"line":64,"column":0},"end":{"line":64,"column":50}}},"fnMap":{},"branchMap":{},"s":{"0":1,"1":1,"2":1,"3":1,"4":1,"5":1,"6":1,"7":1,"8":1,"9":1},"f":{},"b":{},"_coverageSchema":"43e27e138ebf9cfc5966b082cf9a028302ed4184","hash":"a46301c5f0278a21ae50df0bf2357ed9edeedc8c"}
,"/Users/dre/projects/udemy/react-zero-to-mastery/crwn-clothing/client/src/pages/collection/collection.component.jsx": {"path":"/Users/dre/projects/udemy/react-zero-to-mastery/crwn-clothing/client/src/pages/collection/collection.component.jsx","statementMap":{"0":{"start":{"line":15,"column":30},"end":{"line":41,"column":1}},"1":{"start":{"line":19,"column":2},"end":{"line":27,"column":9}},"2":{"start":{"line":20,"column":4},"end":{"line":20,"column":35}},"3":{"start":{"line":21,"column":39},"end":{"line":21,"column":120}},"4":{"start":{"line":21,"column":98},"end":{"line":21,"column":119}},"5":{"start":{"line":22,"column":4},"end":{"line":26,"column":5}},"6":{"start":{"line":23,"column":6},"end":{"line":23,"column":34}},"7":{"start":{"line":25,"column":6},"end":{"line":25,"column":35}},"8":{"start":{"line":29,"column":27},"end":{"line":29,"column":37}},"9":{"start":{"line":31,"column":2},"end":{"line":40,"column":3}},"10":{"start":{"line":36,"column":26},"end":{"line":36,"column":70}},"11":{"start":{"line":43,"column":24},"end":{"line":45,"column":2}},"12":{"start":{"line":43,"column":46},"end":{"line":45,"column":1}}},"fnMap":{"0":{"name":"(anonymous_0)","decl":{"start":{"line":15,"column":30},"end":{"line":15,"column":31}},"loc":{"start":{"line":15,"column":50},"end":{"line":41,"column":1}},"line":15},"1":{"name":"(anonymous_1)","decl":{"start":{"line":19,"column":12},"end":{"line":19,"column":13}},"loc":{"start":{"line":19,"column":18},"end":{"line":27,"column":3}},"line":19},"2":{"name":"(anonymous_2)","decl":{"start":{"line":21,"column":86},"end":{"line":21,"column":87}},"loc":{"start":{"line":21,"column":98},"end":{"line":21,"column":119}},"line":21},"3":{"name":"(anonymous_3)","decl":{"start":{"line":22,"column":11},"end":{"line":22,"column":12}},"loc":{"start":{"line":22,"column":17},"end":{"line":26,"column":5}},"line":22},"4":{"name":"(anonymous_4)","decl":{"start":{"line":36,"column":18},"end":{"line":36,"column":19}},"loc":{"start":{"line":36,"column":26},"end":{"line":36,"column":70}},"line":36},"5":{"name":"(anonymous_5)","decl":{"start":{"line":43,"column":24},"end":{"line":43,"column":25}},"loc":{"start":{"line":43,"column":46},"end":{"line":45,"column":1}},"line":43}},"branchMap":{},"s":{"0":1,"1":3,"2":0,"3":0,"4":0,"5":0,"6":0,"7":0,"8":3,"9":3,"10":15,"11":1,"12":0},"f":{"0":3,"1":0,"2":0,"3":0,"4":15,"5":0},"b":{},"_coverageSchema":"43e27e138ebf9cfc5966b082cf9a028302ed4184","hash":"0bcc6a24b975facab40d5923259b2a0286cb4964"}
,"/Users/dre/projects/udemy/react-zero-to-mastery/crwn-clothing/client/src/pages/collection/collection.styles.jsx": {"path":"/Users/dre/projects/udemy/react-zero-to-mastery/crwn-clothing/client/src/pages/collection/collection.styles.jsx","statementMap":{"0":{"start":{"line":3,"column":39},"end":{"line":6,"column":1}},"1":{"start":{"line":7,"column":0},"end":{"line":7,"column":64}},"2":{"start":{"line":9,"column":31},"end":{"line":12,"column":1}},"3":{"start":{"line":13,"column":0},"end":{"line":13,"column":48}},"4":{"start":{"line":15,"column":40},"end":{"line":28,"column":1}},"5":{"start":{"line":29,"column":0},"end":{"line":29,"column":66}}},"fnMap":{},"branchMap":{},"s":{"0":1,"1":1,"2":1,"3":1,"4":1,"5":1},"f":{},"b":{},"_coverageSchema":"43e27e138ebf9cfc5966b082cf9a028302ed4184","hash":"66f94c7439c38f2cd2cb0dda472e781121c035ae"}
,"/Users/dre/projects/udemy/react-zero-to-mastery/crwn-clothing/client/src/pages/homepage/homepage.component.jsx": {"path":"/Users/dre/projects/udemy/react-zero-to-mastery/crwn-clothing/client/src/pages/homepage/homepage.component.jsx","statementMap":{"0":{"start":{"line":8,"column":24},"end":{"line":18,"column":1}},"1":{"start":{"line":13,"column":2},"end":{"line":17,"column":4}}},"fnMap":{"0":{"name":"(anonymous_0)","decl":{"start":{"line":8,"column":24},"end":{"line":8,"column":25}},"loc":{"start":{"line":8,"column":30},"end":{"line":18,"column":1}},"line":8}},"branchMap":{},"s":{"0":1,"1":1},"f":{"0":1},"b":{},"_coverageSchema":"43e27e138ebf9cfc5966b082cf9a028302ed4184","hash":"41dee6d91bbb446a1b06ceafe5584a0ebdbde9b1"}
,"/Users/dre/projects/udemy/react-zero-to-mastery/crwn-clothing/client/src/pages/homepage/homepage.styles.jsx": {"path":"/Users/dre/projects/udemy/react-zero-to-mastery/crwn-clothing/client/src/pages/homepage/homepage.styles.jsx","statementMap":{"0":{"start":{"line":3,"column":33},"end":{"line":7,"column":1}},"1":{"start":{"line":8,"column":0},"end":{"line":8,"column":52}}},"fnMap":{},"branchMap":{},"s":{"0":1,"1":1},"f":{},"b":{},"_coverageSchema":"43e27e138ebf9cfc5966b082cf9a028302ed4184","hash":"80dea051ab4dbeb6ca39ad820bcd18571a95a0de"}
,"/Users/dre/projects/udemy/react-zero-to-mastery/crwn-clothing/client/src/pages/shop/shop.component.jsx": {"path":"/Users/dre/projects/udemy/react-zero-to-mastery/crwn-clothing/client/src/pages/shop/shop.component.jsx","statementMap":{"0":{"start":{"line":11,"column":37},"end":{"line":11,"column":127}},"1":{"start":{"line":11,"column":48},"end":{"line":11,"column":126}},"2":{"start":{"line":12,"column":32},"end":{"line":12,"column":88}},"3":{"start":{"line":12,"column":43},"end":{"line":12,"column":87}},"4":{"start":{"line":15,"column":24},"end":{"line":67,"column":1}},"5":{"start":{"line":48,"column":2},"end":{"line":50,"column":29}},"6":{"start":{"line":49,"column":4},"end":{"line":49,"column":28}},"7":{"start":{"line":52,"column":2},"end":{"line":66,"column":4}},"8":{"start":{"line":69,"column":27},"end":{"line":71,"column":2}},"9":{"start":{"line":69,"column":40},"end":{"line":71,"column":1}},"10":{"start":{"line":70,"column":31},"end":{"line":70,"column":64}}},"fnMap":{"0":{"name":"(anonymous_0)","decl":{"start":{"line":11,"column":42},"end":{"line":11,"column":43}},"loc":{"start":{"line":11,"column":48},"end":{"line":11,"column":126}},"line":11},"1":{"name":"(anonymous_1)","decl":{"start":{"line":12,"column":37},"end":{"line":12,"column":38}},"loc":{"start":{"line":12,"column":43},"end":{"line":12,"column":87}},"line":12},"2":{"name":"(anonymous_2)","decl":{"start":{"line":15,"column":24},"end":{"line":15,"column":25}},"loc":{"start":{"line":15,"column":62},"end":{"line":67,"column":1}},"line":15},"3":{"name":"(anonymous_3)","decl":{"start":{"line":48,"column":12},"end":{"line":48,"column":13}},"loc":{"start":{"line":48,"column":18},"end":{"line":50,"column":3}},"line":48},"4":{"name":"(anonymous_4)","decl":{"start":{"line":69,"column":27},"end":{"line":69,"column":28}},"loc":{"start":{"line":69,"column":40},"end":{"line":71,"column":1}},"line":69},"5":{"name":"(anonymous_5)","decl":{"start":{"line":70,"column":25},"end":{"line":70,"column":26}},"loc":{"start":{"line":70,"column":31},"end":{"line":70,"column":64}},"line":70}},"branchMap":{},"s":{"0":1,"1":1,"2":1,"3":0,"4":1,"5":2,"6":2,"7":2,"8":1,"9":0,"10":0},"f":{"0":1,"1":0,"2":2,"3":2,"4":0,"5":0},"b":{},"_coverageSchema":"43e27e138ebf9cfc5966b082cf9a028302ed4184","hash":"c89e9faf8fe13827960be6385507f2f3d4a1f9c6"}
,"/Users/dre/projects/udemy/react-zero-to-mastery/crwn-clothing/client/src/pages/shop/shop.styles.jsx": {"path":"/Users/dre/projects/udemy/react-zero-to-mastery/crwn-clothing/client/src/pages/shop/shop.styles.jsx","statementMap":{"0":{"start":{"line":3,"column":33},"end":{"line":5,"column":1}}},"fnMap":{},"branchMap":{},"s":{"0":1},"f":{},"b":{},"_coverageSchema":"43e27e138ebf9cfc5966b082cf9a028302ed4184","hash":"a420012d81dc0615c8e6b0472d552c6568070660"}
,"/Users/dre/projects/udemy/react-zero-to-mastery/crwn-clothing/client/src/pages/sign-in-and-sign-up/sign-in-and-sign-up.component.jsx": {"path":"/Users/dre/projects/udemy/react-zero-to-mastery/crwn-clothing/client/src/pages/sign-in-and-sign-up/sign-in-and-sign-up.component.jsx","statementMap":{"0":{"start":{"line":8,"column":35},"end":{"line":14,"column":1}},"1":{"start":{"line":9,"column":2},"end":{"line":12,"column":29}}},"fnMap":{"0":{"name":"(anonymous_0)","decl":{"start":{"line":8,"column":35},"end":{"line":8,"column":36}},"loc":{"start":{"line":9,"column":2},"end":{"line":12,"column":29}},"line":9}},"branchMap":{},"s":{"0":1,"1":1},"f":{"0":1},"b":{},"_coverageSchema":"43e27e138ebf9cfc5966b082cf9a028302ed4184","hash":"6c40f8158944c4672adabbd389212aa33d477e9d"}
,"/Users/dre/projects/udemy/react-zero-to-mastery/crwn-clothing/client/src/pages/sign-in-and-sign-up/sign-in-and-sign-up.styles.jsx": {"path":"/Users/dre/projects/udemy/react-zero-to-mastery/crwn-clothing/client/src/pages/sign-in-and-sign-up/sign-in-and-sign-up.styles.jsx","statementMap":{"0":{"start":{"line":3,"column":40},"end":{"line":23,"column":1}},"1":{"start":{"line":24,"column":0},"end":{"line":24,"column":66}}},"fnMap":{},"branchMap":{},"s":{"0":1,"1":1},"f":{},"b":{},"_coverageSchema":"43e27e138ebf9cfc5966b082cf9a028302ed4184","hash":"8c7fe40cd46c192c1afc264895a98dd71e8c9fea"}
,"/Users/dre/projects/udemy/react-zero-to-mastery/crwn-clothing/client/src/redux/directory/directory.reducer.js": {"path":"/Users/dre/projects/udemy/react-zero-to-mastery/crwn-clothing/client/src/redux/directory/directory.reducer.js","statementMap":{"0":{"start":{"line":1,"column":29},"end":{"line":35,"column":2}},"1":{"start":{"line":37,"column":25},"end":{"line":42,"column":1}},"2":{"start":{"line":38,"column":2},"end":{"line":41,"column":3}},"3":{"start":{"line":40,"column":6},"end":{"line":40,"column":19}}},"fnMap":{"0":{"name":"(anonymous_0)","decl":{"start":{"line":37,"column":25},"end":{"line":37,"column":26}},"loc":{"start":{"line":37,"column":60},"end":{"line":42,"column":1}},"line":37}},"branchMap":{"0":{"loc":{"start":{"line":37,"column":26},"end":{"line":37,"column":47}},"type":"default-arg","locations":[{"start":{"line":37,"column":34},"end":{"line":37,"column":47}}],"line":37},"1":{"loc":{"start":{"line":38,"column":2},"end":{"line":41,"column":3}},"type":"switch","locations":[{"start":{"line":39,"column":4},"end":{"line":40,"column":19}}],"line":38}},"s":{"0":1,"1":1,"2":1,"3":1},"f":{"0":1},"b":{"0":[0],"1":[1]},"_coverageSchema":"43e27e138ebf9cfc5966b082cf9a028302ed4184","hash":"07cf75d7206f46de9ce12ccc2c28527177996b10"}
,"/Users/dre/projects/udemy/react-zero-to-mastery/crwn-clothing/client/src/redux/shop/shop.actions.js": {"path":"/Users/dre/projects/udemy/react-zero-to-mastery/crwn-clothing/client/src/redux/shop/shop.actions.js","statementMap":{"0":{"start":{"line":6,"column":37},"end":{"line":8,"column":2}},"1":{"start":{"line":6,"column":44},"end":{"line":8,"column":1}},"2":{"start":{"line":10,"column":39},"end":{"line":13,"column":2}},"3":{"start":{"line":10,"column":58},"end":{"line":13,"column":1}},"4":{"start":{"line":15,"column":39},"end":{"line":18,"column":2}},"5":{"start":{"line":15,"column":56},"end":{"line":18,"column":1}},"6":{"start":{"line":25,"column":42},"end":{"line":41,"column":1}},"7":{"start":{"line":26,"column":2},"end":{"line":40,"column":4}},"8":{"start":{"line":27,"column":26},"end":{"line":27,"column":61}},"9":{"start":{"line":30,"column":4},"end":{"line":30,"column":38}},"10":{"start":{"line":34,"column":4},"end":{"line":39,"column":7}},"11":{"start":{"line":35,"column":29},"end":{"line":35,"column":70}},"12":{"start":{"line":36,"column":6},"end":{"line":36,"column":56}},"13":{"start":{"line":38,"column":6},"end":{"line":38,"column":54}}},"fnMap":{"0":{"name":"(anonymous_0)","decl":{"start":{"line":6,"column":37},"end":{"line":6,"column":38}},"loc":{"start":{"line":6,"column":44},"end":{"line":8,"column":1}},"line":6},"1":{"name":"(anonymous_1)","decl":{"start":{"line":10,"column":39},"end":{"line":10,"column":40}},"loc":{"start":{"line":10,"column":58},"end":{"line":13,"column":1}},"line":10},"2":{"name":"(anonymous_2)","decl":{"start":{"line":15,"column":39},"end":{"line":15,"column":40}},"loc":{"start":{"line":15,"column":56},"end":{"line":18,"column":1}},"line":15},"3":{"name":"(anonymous_3)","decl":{"start":{"line":25,"column":42},"end":{"line":25,"column":43}},"loc":{"start":{"line":25,"column":48},"end":{"line":41,"column":1}},"line":25},"4":{"name":"(anonymous_4)","decl":{"start":{"line":26,"column":9},"end":{"line":26,"column":10}},"loc":{"start":{"line":26,"column":23},"end":{"line":40,"column":3}},"line":26},"5":{"name":"(anonymous_5)","decl":{"start":{"line":34,"column":29},"end":{"line":34,"column":30}},"loc":{"start":{"line":34,"column":41},"end":{"line":37,"column":5}},"line":34},"6":{"name":"(anonymous_6)","decl":{"start":{"line":37,"column":13},"end":{"line":37,"column":14}},"loc":{"start":{"line":37,"column":22},"end":{"line":39,"column":5}},"line":37}},"branchMap":{},"s":{"0":2,"1":3,"2":2,"3":1,"4":2,"5":1,"6":2,"7":1,"8":1,"9":1,"10":1,"11":0,"12":0,"13":0},"f":{"0":3,"1":1,"2":1,"3":1,"4":1,"5":0,"6":0},"b":{},"_coverageSchema":"43e27e138ebf9cfc5966b082cf9a028302ed4184","hash":"3e59dcf869f0e2d131efb8a50e2d20dd5848c8a3"}
,"/Users/dre/projects/udemy/react-zero-to-mastery/crwn-clothing/client/src/redux/shop/shop.types.js": {"path":"/Users/dre/projects/udemy/react-zero-to-mastery/crwn-clothing/client/src/redux/shop/shop.types.js","statementMap":{"0":{"start":{"line":1,"column":24},"end":{"line":5,"column":1}}},"fnMap":{},"branchMap":{},"s":{"0":3},"f":{},"b":{},"_coverageSchema":"43e27e138ebf9cfc5966b082cf9a028302ed4184","hash":"6b542a22555597b9accc3cb5204b529f18232d96"}
,"/Users/dre/projects/udemy/react-zero-to-mastery/crwn-clothing/client/src/redux/user/user.reducer.js": {"path":"/Users/dre/projects/udemy/react-zero-to-mastery/crwn-clothing/client/src/redux/user/user.reducer.js","statementMap":{"0":{"start":{"line":4,"column":22},"end":{"line":7,"column":1}},"1":{"start":{"line":9,"column":20},"end":{"line":35,"column":1}},"2":{"start":{"line":10,"column":2},"end":{"line":34,"column":3}},"3":{"start":{"line":13,"column":6},"end":{"line":17,"column":8}},"4":{"start":{"line":19,"column":6},"end":{"line":23,"column":8}},"5":{"start":{"line":27,"column":6},"end":{"line":30,"column":7}},"6":{"start":{"line":33,"column":6},"end":{"line":33,"column":19}}},"fnMap":{"0":{"name":"(anonymous_0)","decl":{"start":{"line":9,"column":20},"end":{"line":9,"column":21}},"loc":{"start":{"line":9,"column":55},"end":{"line":35,"column":1}},"line":9}},"branchMap":{"0":{"loc":{"start":{"line":9,"column":21},"end":{"line":9,"column":42}},"type":"default-arg","locations":[{"start":{"line":9,"column":29},"end":{"line":9,"column":42}}],"line":9},"1":{"loc":{"start":{"line":10,"column":2},"end":{"line":34,"column":3}},"type":"switch","locations":[{"start":{"line":11,"column":4},"end":{"line":11,"column":41}},{"start":{"line":12,"column":4},"end":{"line":17,"column":8}},{"start":{"line":18,"column":4},"end":{"line":23,"column":8}},{"start":{"line":24,"column":4},"end":{"line":24,"column":41}},{"start":{"line":25,"column":4},"end":{"line":25,"column":42}},{"start":{"line":26,"column":4},"end":{"line":30,"column":7}},{"start":{"line":32,"column":4},"end":{"line":33,"column":19}}],"line":10}},"s":{"0":1,"1":1,"2":7,"3":2,"4":1,"5":3,"6":1},"f":{"0":7},"b":{"0":[1],"1":[1,2,1,1,2,3,1]},"_coverageSchema":"43e27e138ebf9cfc5966b082cf9a028302ed4184","hash":"892443c051861122f7d2542df795559b775b3604"}
}
