TN:
SF:/Users/dre/projects/udemy/react-zero-to-mastery/crwn-clothing/client/src/pages/checkout/checkout.component.jsx
FN:18,(anonymous_0)
FN:38,(anonymous_1)
FNF:2
FNH:2
FNDA:3,(anonymous_0)
FNDA:15,(anonymous_1)
DA:18,1
DA:19,3
DA:38,15
DA:54,1
LF:4
LH:4
BRF:0
BRH:0
end_of_record
TN:
SF:/Users/dre/projects/udemy/react-zero-to-mastery/crwn-clothing/client/src/pages/checkout/checkout.styles.jsx
FNF:0
FNH:0
DA:3,1
DA:21,1
DA:23,1
DA:31,1
DA:33,1
DA:49,1
DA:51,1
DA:56,1
DA:58,1
DA:64,1
LF:10
LH:10
BRF:0
BRH:0
end_of_record
TN:
SF:/Users/dre/projects/udemy/react-zero-to-mastery/crwn-clothing/client/src/pages/collection/collection.component.jsx
FN:15,(anonymous_0)
FN:19,(anonymous_1)
FN:21,(anonymous_2)
FN:22,(anonymous_3)
FN:36,(anonymous_4)
FN:43,(anonymous_5)
FNF:6
FNH:2
FNDA:3,(anonymous_0)
FNDA:0,(anonymous_1)
FNDA:0,(anonymous_2)
FNDA:0,(anonymous_3)
FNDA:15,(anonymous_4)
FNDA:0,(anonymous_5)
DA:15,1
DA:19,3
DA:20,0
DA:21,0
DA:22,0
DA:23,0
DA:25,0
DA:29,3
DA:31,3
DA:36,15
DA:43,1
LF:11
LH:6
BRF:0
BRH:0
end_of_record
TN:
SF:/Users/dre/projects/udemy/react-zero-to-mastery/crwn-clothing/client/src/pages/collection/collection.styles.jsx
FNF:0
FNH:0
DA:3,1
DA:7,1
DA:9,1
DA:13,1
DA:15,1
DA:29,1
LF:6
LH:6
BRF:0
BRH:0
end_of_record
TN:
SF:/Users/dre/projects/udemy/react-zero-to-mastery/crwn-clothing/client/src/pages/homepage/homepage.component.jsx
FN:8,(anonymous_0)
FNF:1
FNH:1
FNDA:1,(anonymous_0)
DA:8,1
DA:13,1
LF:2
LH:2
BRF:0
BRH:0
end_of_record
TN:
SF:/Users/dre/projects/udemy/react-zero-to-mastery/crwn-clothing/client/src/pages/homepage/homepage.styles.jsx
FNF:0
FNH:0
DA:3,1
DA:8,1
LF:2
LH:2
BRF:0
BRH:0
end_of_record
TN:
SF:/Users/dre/projects/udemy/react-zero-to-mastery/crwn-clothing/client/src/pages/shop/shop.component.jsx
FN:11,(anonymous_0)
FN:12,(anonymous_1)
FN:15,(anonymous_2)
FN:48,(anonymous_3)
FN:69,(anonymous_4)
FN:70,(anonymous_5)
FNF:6
FNH:3
FNDA:1,(anonymous_0)
FNDA:0,(anonymous_1)
FNDA:2,(anonymous_2)
FNDA:2,(anonymous_3)
FNDA:0,(anonymous_4)
FNDA:0,(anonymous_5)
DA:11,1
DA:12,1
DA:15,1
DA:48,2
DA:49,2
DA:52,2
DA:69,1
DA:70,0
LF:8
LH:7
BRF:0
BRH:0
end_of_record
TN:
SF:/Users/dre/projects/udemy/react-zero-to-mastery/crwn-clothing/client/src/pages/shop/shop.styles.jsx
FNF:0
FNH:0
DA:3,1
LF:1
LH:1
BRF:0
BRH:0
end_of_record
TN:
SF:/Users/dre/projects/udemy/react-zero-to-mastery/crwn-clothing/client/src/pages/sign-in-and-sign-up/sign-in-and-sign-up.component.jsx
FN:8,(anonymous_0)
FNF:1
FNH:1
FNDA:1,(anonymous_0)
DA:8,1
DA:9,1
LF:2
LH:2
BRF:0
BRH:0
end_of_record
TN:
SF:/Users/dre/projects/udemy/react-zero-to-mastery/crwn-clothing/client/src/pages/sign-in-and-sign-up/sign-in-and-sign-up.styles.jsx
FNF:0
FNH:0
DA:3,1
DA:24,1
LF:2
LH:2
BRF:0
BRH:0
end_of_record
TN:
SF:/Users/dre/projects/udemy/react-zero-to-mastery/crwn-clothing/client/src/redux/directory/directory.reducer.js
FN:37,(anonymous_0)
FNF:1
FNH:1
FNDA:1,(anonymous_0)
DA:1,1
DA:37,1
DA:38,1
DA:40,1
LF:4
LH:4
BRDA:37,0,0,0
BRDA:38,1,0,1
BRF:2
BRH:1
end_of_record
TN:
SF:/Users/dre/projects/udemy/react-zero-to-mastery/crwn-clothing/client/src/redux/shop/shop.actions.js
FN:6,(anonymous_0)
FN:10,(anonymous_1)
FN:15,(anonymous_2)
FN:25,(anonymous_3)
FN:26,(anonymous_4)
FN:34,(anonymous_5)
FN:37,(anonymous_6)
FNF:7
FNH:5
FNDA:3,(anonymous_0)
FNDA:1,(anonymous_1)
FNDA:1,(anonymous_2)
FNDA:1,(anonymous_3)
FNDA:1,(anonymous_4)
FNDA:0,(anonymous_5)
FNDA:0,(anonymous_6)
DA:6,3
DA:10,2
DA:15,2
DA:25,2
DA:26,1
DA:27,1
DA:30,1
DA:34,1
DA:35,0
DA:36,0
DA:38,0
LF:11
LH:8
BRF:0
BRH:0
end_of_record
TN:
SF:/Users/dre/projects/udemy/react-zero-to-mastery/crwn-clothing/client/src/redux/shop/shop.types.js
FNF:0
FNH:0
DA:1,3
LF:1
LH:1
BRF:0
BRH:0
end_of_record
TN:
SF:/Users/dre/projects/udemy/react-zero-to-mastery/crwn-clothing/client/src/redux/user/user.reducer.js
FN:9,(anonymous_0)
FNF:1
FNH:1
FNDA:7,(anonymous_0)
DA:4,1
DA:9,1
DA:10,7
DA:13,2
DA:19,1
DA:27,3
DA:33,1
LF:7
LH:7
BRDA:9,0,0,1
BRDA:10,1,0,1
BRDA:10,1,1,2
BRDA:10,1,2,1
BRDA:10,1,3,1
BRDA:10,1,4,2
BRDA:10,1,5,3
BRDA:10,1,6,1
BRF:8
BRH:8
end_of_record
